[2026-02-15 19:25:50] INIT → GENERATING
[2026-02-15 19:25:50] GENERATING → TESTING (v0 no generation)
[2026-02-15 19:25:50] TESTING...
[2026-02-15 19:25:50] PATCHING (noop) → TESTING (retry 1)
[2026-02-15 19:25:50] TESTING...
[2026-02-15 19:25:50] PATCHING (noop) → TESTING (retry 2)
[2026-02-15 19:25:50] TESTING...
[2026-02-15 19:25:50] PATCHING (noop) → TESTING (retry 3)
[2026-02-15 19:25:50] TESTING...
[2026-02-15 19:25:51] PATCHING (noop) → TESTING (retry 4)
[2026-02-15 19:25:51] TESTING...
[2026-02-15 19:25:51] PATCHING (noop) → TESTING (retry 5)
[2026-02-15 19:25:51] TESTING...
[2026-02-15 19:25:51] FAILED: max retries reached
[2026-02-15 19:25:51] TERMINAL: FAILED
[2026-02-15 19:29:26] INIT → GENERATING
[2026-02-15 19:29:26] GENERATING → TESTING (v0 no generation)
[2026-02-15 19:29:26] TESTING...
[2026-02-15 19:29:26] SUCCESS: tests passed
[2026-02-15 19:29:26] TERMINAL: SUCCESS
